<?xml version="1.0" encoding="UTF-8"?>
<!-- Generated by org.testng.reporters.JUnitReportReporter -->
<testsuite skipped="0" hostname="Brij-SNH" name="googleplacesAPI.GetPlace" tests="1" failures="0" timestamp="2020-01-22T14:07:11 IST" time="2.282" errors="0">
  <testcase name="getPlace" time="2.282" classname="googleplacesAPI.GetPlace"/>
</testsuite> <!-- googleplacesAPI.GetPlace -->
