<?xml version="1.0" encoding="UTF-8"?>
<!-- Generated by org.testng.reporters.JUnitReportReporter -->
<testsuite skipped="0" hostname="Brij-SNH" name="gitHubAPITestPkg1.GetAllRepos1" tests="1" failures="0" timestamp="2020-01-23T17:39:06 IST" time="2.018" errors="0">
  <testcase name="getTotalCountOfRepositories" time="2.018" classname="gitHubAPITestPkg1.GetAllRepos1"/>
</testsuite> <!-- gitHubAPITestPkg1.GetAllRepos1 -->
