<?xml version="1.0" encoding="UTF-8"?>
<!-- Generated by org.testng.reporters.JUnitReportReporter -->
<testsuite skipped="0" hostname="Brij-SNH" name="gitHubAPITestPkg1.GitHUbAPIAssertionsTest" tests="1" failures="0" timestamp="2020-01-21T23:54:58 IST" time="1.650" errors="0">
  <testcase name="getAllRepositories" time="1.650" classname="gitHubAPITestPkg1.GitHUbAPIAssertionsTest"/>
</testsuite> <!-- gitHubAPITestPkg1.GitHUbAPIAssertionsTest -->
