<?xml version="1.0" encoding="UTF-8"?>
<!-- Generated by org.testng.reporters.JUnitReportReporter -->
<testsuite skipped="0" hostname="Brij-SNH" name="gitHubAPITestPkg1.GitHubRepoJSONAssert1" tests="1" failures="0" timestamp="2020-01-24T13:01:33 IST" time="1.907" errors="0">
  <testcase name="getAllRepositoriesLogParams" time="1.907" classname="gitHubAPITestPkg1.GitHubRepoJSONAssert1"/>
</testsuite> <!-- gitHubAPITestPkg1.GitHubRepoJSONAssert1 -->
