<?xml version="1.0" encoding="UTF-8"?>
<!-- Generated by org.testng.reporters.JUnitReportReporter -->
<testsuite skipped="0" hostname="Brij-SNH" name="gitHubAPITestPkg1.GitHUbAPIAssertionsTest" tests="5" failures="0" timestamp="2020-01-23T13:53:08 IST" time="5.973" errors="0">
  <testcase name="getAllRepositories" time="2.003" classname="gitHubAPITestPkg1.GitHUbAPIAssertionsTest"/>
  <testcase name="getRepoBody" time="0.849" classname="gitHubAPITestPkg1.GitHUbAPIAssertionsTest"/>
  <testcase name="getRepoBodyString" time="0.577" classname="gitHubAPITestPkg1.GitHUbAPIAssertionsTest"/>
  <testcase name="createARepo" time="1.743" classname="gitHubAPITestPkg1.GitHUbAPIAssertionsTest"/>
  <testcase name="deleateARepo" time="0.801" classname="gitHubAPITestPkg1.GitHUbAPIAssertionsTest"/>
</testsuite> <!-- gitHubAPITestPkg1.GitHUbAPIAssertionsTest -->
