<?xml version="1.0" encoding="UTF-8"?>
<!-- Generated by org.testng.reporters.JUnitReportReporter -->
<testsuite skipped="3" hostname="Brij-SNH" name="gitHubAPITestPkg1.GETAllReposOfaUser" tests="4" failures="0" timestamp="2020-01-21T13:46:29 IST" time="0.401" errors="0">
  <testcase name="getRespUsingCURL" time="0.401" classname="gitHubAPITestPkg1.GETAllReposOfaUser"/>
  <testcase name="getReposVerifyStatusCode" classname="gitHubAPITestPkg1.GETAllReposOfaUser">
    <skipped/>
  </testcase> <!-- getReposVerifyStatusCode -->
  <testcase name="getReposVerifyStatusLine" classname="gitHubAPITestPkg1.GETAllReposOfaUser">
    <skipped/>
  </testcase> <!-- getReposVerifyStatusLine -->
  <testcase name="getRepos" classname="gitHubAPITestPkg1.GETAllReposOfaUser">
    <skipped/>
  </testcase> <!-- getRepos -->
</testsuite> <!-- gitHubAPITestPkg1.GETAllReposOfaUser -->
