<?xml version="1.0" encoding="UTF-8"?>
<!-- Generated by org.testng.reporters.JUnitReportReporter -->
<testsuite skipped="0" hostname="Brij-SNH" name="gitHubAPITestPkg1.GetAllRepos1" tests="1" failures="0" timestamp="2020-01-21T23:38:44 IST" time="1.615" errors="0">
  <testcase name="getAllRepositories" time="1.615" classname="gitHubAPITestPkg1.GetAllRepos1"/>
</testsuite> <!-- gitHubAPITestPkg1.GetAllRepos1 -->
