<?xml version="1.0" encoding="UTF-8"?>
<!-- Generated by org.testng.reporters.JUnitReportReporter -->
<testsuite skipped="0" hostname="Brij-SNH" name="gitHubAPITestPkg1.GitHubRepositoriesJSONPath" tests="1" failures="0" timestamp="2020-01-23T19:49:26 IST" time="1.859" errors="0">
  <testcase name="getAllRepositories" time="1.859" classname="gitHubAPITestPkg1.GitHubRepositoriesJSONPath"/>
</testsuite> <!-- gitHubAPITestPkg1.GitHubRepositoriesJSONPath -->
