<?xml version="1.0" encoding="UTF-8"?>
<!-- Generated by org.testng.reporters.JUnitReportReporter -->
<testsuite skipped="0" hostname="Brij-SNH" name="gitHubAPITestPkg1.Payload" tests="1" failures="0" timestamp="2020-01-21T19:13:45 IST" time="0.006" errors="0">
  <testcase name="getRandomName" time="0.006" classname="gitHubAPITestPkg1.Payload"/>
</testsuite> <!-- gitHubAPITestPkg1.Payload -->
