<?xml version="1.0" encoding="UTF-8"?>
<!-- Generated by org.testng.reporters.JUnitReportReporter -->
<testsuite skipped="0" hostname="Brij-SNH" name="xorapitest1.com.AppTest" tests="1" failures="0" timestamp="2020-01-19T18:18:03 IST" time="0.008" errors="0">
  <testcase name="shouldAnswerWithTrue" time="0.008" classname="xorapitest1.com.AppTest"/>
</testsuite> <!-- xorapitest1.com.AppTest -->
